Copyright 1986-2019 Xilinx, Inc. All Rights Reserved.
------------------------------------------------------------------------------------------------------------------------------------------------
| Tool Version : Vivado v.2019.1 (win64) Build 2552052 Fri May 24 14:49:42 MDT 2019
| Date         : Sun Dec 15 17:23:34 2019
| Host         : DESKTOP-7FQ3E2M running 64-bit major release  (build 9200)
| Command      : report_drc -file xadc_pl2ps_wrapper_drc_routed.rpt -pb xadc_pl2ps_wrapper_drc_routed.pb -rpx xadc_pl2ps_wrapper_drc_routed.rpx
| Design       : xadc_pl2ps_wrapper
| Device       : xc7z020clg400-1
| Speed File   : -1
| Design State : Fully Routed
------------------------------------------------------------------------------------------------------------------------------------------------

Report DRC

Table of Contents
-----------------
1. REPORT SUMMARY
2. REPORT DETAILS

1. REPORT SUMMARY
-----------------
            Netlist: netlist
          Floorplan: design_1
      Design limits: <entire design considered>
           Ruledeck: default
             Max violations: <unlimited>
             Violations found: 1
+----------+----------+-------------------+------------+
| Rule     | Severity | Description       | Violations |
+----------+----------+-------------------+------------+
| PDRC-153 | Warning  | Gated clock check | 1          |
+----------+----------+-------------------+------------+

2. REPORT DETAILS
-----------------
PDRC-153#1 Warning
Gated clock check  
Net xadc_pl2ps_i/pwm_control_0/U0/dutyCycleVal_sig_reg[12]_i_1_n_0 is a gated clock net sourced by a combinational pin xadc_pl2ps_i/pwm_control_0/U0/dutyCycleVal_sig_reg[12]_i_1/O, cell xadc_pl2ps_i/pwm_control_0/U0/dutyCycleVal_sig_reg[12]_i_1. This is not good design practice and will likely impact performance. For SLICE registers, for example, use the CE pin to control the loading of data.
Related violations: <none>


