
*** Running vivado
    with args -log xadc_pl2ps_PS_info_3_bits_0_0.vds -m64 -product Vivado -mode batch -messageDb vivado.pb -notrace -source xadc_pl2ps_PS_info_3_bits_0_0.tcl


****** Vivado v2019.1 (64-bit)
  **** SW Build 2552052 on Fri May 24 14:49:42 MDT 2019
  **** IP Build 2548770 on Fri May 24 18:01:18 MDT 2019
    ** Copyright 1986-2019 Xilinx, Inc. All Rights Reserved.

source xadc_pl2ps_PS_info_3_bits_0_0.tcl -notrace
Command: synth_design -top xadc_pl2ps_PS_info_3_bits_0_0 -part xc7z020clg400-1 -mode out_of_context
Starting synth_design
WARNING: [IP_Flow 19-3571] IP 'xadc_pl2ps_PS_info_3_bits_0_0' is restricted:
* Module reference is stale and needs refreshing.
Attempting to get a license for feature 'Synthesis' and/or device 'xc7z020'
INFO: [Common 17-349] Got license for feature 'Synthesis' and/or device 'xc7z020'
INFO: [Device 21-403] Loading part xc7z020clg400-1
INFO: Launching helper process for spawning children vivado processes
INFO: Helper process launched with PID 21996 
---------------------------------------------------------------------------------
Starting RTL Elaboration : Time (s): cpu = 00:00:04 ; elapsed = 00:00:04 . Memory (MB): peak = 712.281 ; gain = 178.273
---------------------------------------------------------------------------------
INFO: [Synth 8-638] synthesizing module 'xadc_pl2ps_PS_info_3_bits_0_0' [c:/Users/mikke/OneDrive/Skrivebord/Final_project/xadc_with_bram_with_one_addr/adc.srcs/sources_1/bd/xadc_pl2ps/ip/xadc_pl2ps_PS_info_3_bits_0_0/synth/xadc_pl2ps_PS_info_3_bits_0_0.vhd:64]
INFO: [Synth 8-3491] module 'PS_info_3_bits' declared at 'C:/Users/mikke/OneDrive/Skrivebord/Final_project/xadc_with_bram_with_one_addr/adc.srcs/sources_1/new/PS_info_3_bits.vhd:34' bound to instance 'U0' of component 'PS_info_3_bits' [c:/Users/mikke/OneDrive/Skrivebord/Final_project/xadc_with_bram_with_one_addr/adc.srcs/sources_1/bd/xadc_pl2ps/ip/xadc_pl2ps_PS_info_3_bits_0_0/synth/xadc_pl2ps_PS_info_3_bits_0_0.vhd:83]
INFO: [Synth 8-638] synthesizing module 'PS_info_3_bits' [C:/Users/mikke/OneDrive/Skrivebord/Final_project/xadc_with_bram_with_one_addr/adc.srcs/sources_1/new/PS_info_3_bits.vhd:40]
INFO: [Synth 8-256] done synthesizing module 'PS_info_3_bits' (1#1) [C:/Users/mikke/OneDrive/Skrivebord/Final_project/xadc_with_bram_with_one_addr/adc.srcs/sources_1/new/PS_info_3_bits.vhd:40]
INFO: [Synth 8-256] done synthesizing module 'xadc_pl2ps_PS_info_3_bits_0_0' (2#1) [c:/Users/mikke/OneDrive/Skrivebord/Final_project/xadc_with_bram_with_one_addr/adc.srcs/sources_1/bd/xadc_pl2ps/ip/xadc_pl2ps_PS_info_3_bits_0_0/synth/xadc_pl2ps_PS_info_3_bits_0_0.vhd:64]
WARNING: [Synth 8-3331] design PS_info_3_bits has unconnected port data[31]
WARNING: [Synth 8-3331] design PS_info_3_bits has unconnected port data[30]
WARNING: [Synth 8-3331] design PS_info_3_bits has unconnected port data[29]
WARNING: [Synth 8-3331] design PS_info_3_bits has unconnected port data[28]
WARNING: [Synth 8-3331] design PS_info_3_bits has unconnected port data[27]
WARNING: [Synth 8-3331] design PS_info_3_bits has unconnected port data[26]
WARNING: [Synth 8-3331] design PS_info_3_bits has unconnected port data[25]
WARNING: [Synth 8-3331] design PS_info_3_bits has unconnected port data[24]
WARNING: [Synth 8-3331] design PS_info_3_bits has unconnected port data[23]
WARNING: [Synth 8-3331] design PS_info_3_bits has unconnected port data[22]
WARNING: [Synth 8-3331] design PS_info_3_bits has unconnected port data[21]
WARNING: [Synth 8-3331] design PS_info_3_bits has unconnected port data[20]
WARNING: [Synth 8-3331] design PS_info_3_bits has unconnected port data[19]
WARNING: [Synth 8-3331] design PS_info_3_bits has unconnected port data[18]
WARNING: [Synth 8-3331] design PS_info_3_bits has unconnected port data[17]
WARNING: [Synth 8-3331] design PS_info_3_bits has unconnected port data[16]
WARNING: [Synth 8-3331] design PS_info_3_bits has unconnected port data[15]
WARNING: [Synth 8-3331] design PS_info_3_bits has unconnected port data[14]
WARNING: [Synth 8-3331] design PS_info_3_bits has unconnected port data[13]
WARNING: [Synth 8-3331] design PS_info_3_bits has unconnected port data[12]
WARNING: [Synth 8-3331] design PS_info_3_bits has unconnected port data[11]
WARNING: [Synth 8-3331] design PS_info_3_bits has unconnected port data[10]
WARNING: [Synth 8-3331] design PS_info_3_bits has unconnected port data[9]
WARNING: [Synth 8-3331] design PS_info_3_bits has unconnected port data[8]
WARNING: [Synth 8-3331] design PS_info_3_bits has unconnected port data[7]
WARNING: [Synth 8-3331] design PS_info_3_bits has unconnected port data[6]
WARNING: [Synth 8-3331] design PS_info_3_bits has unconnected port data[5]
WARNING: [Synth 8-3331] design PS_info_3_bits has unconnected port data[4]
WARNING: [Synth 8-3331] design PS_info_3_bits has unconnected port data[3]
---------------------------------------------------------------------------------
Finished RTL Elaboration : Time (s): cpu = 00:00:05 ; elapsed = 00:00:05 . Memory (MB): peak = 778.098 ; gain = 244.090
---------------------------------------------------------------------------------

Report Check Netlist: 
+------+------------------+-------+---------+-------+------------------+
|      |Item              |Errors |Warnings |Status |Description       |
+------+------------------+-------+---------+-------+------------------+
|1     |multi_driven_nets |      0|        0|Passed |Multi driven nets |
+------+------------------+-------+---------+-------+------------------+
---------------------------------------------------------------------------------
Start Handling Custom Attributes
---------------------------------------------------------------------------------
---------------------------------------------------------------------------------
Finished Handling Custom Attributes : Time (s): cpu = 00:00:06 ; elapsed = 00:00:06 . Memory (MB): peak = 778.098 ; gain = 244.090
---------------------------------------------------------------------------------
---------------------------------------------------------------------------------
Finished RTL Optimization Phase 1 : Time (s): cpu = 00:00:06 ; elapsed = 00:00:06 . Memory (MB): peak = 778.098 ; gain = 244.090
---------------------------------------------------------------------------------
INFO: [Project 1-570] Preparing netlist for logic optimization

Processing XDC Constraints
Initializing timing engine
Completed Processing XDC Constraints

Netlist sorting complete. Time (s): cpu = 00:00:00 ; elapsed = 00:00:00 . Memory (MB): peak = 803.605 ; gain = 0.000
INFO: [Project 1-111] Unisim Transformation Summary:
No Unisim elements were transformed.

WARNING: [Constraints 18-5210] No constraints selected for write.
Resolution: This message can indicate that there are no constraints for the design, or it can indicate that the used_in flags are set such that the constraints are ignored. This later case is used when running synth_design to not write synthesis constraints to the resulting checkpoint. Instead, project constraints are read when the synthesized design is opened.
Constraint Validation Runtime : Time (s): cpu = 00:00:00 ; elapsed = 00:00:00.059 . Memory (MB): peak = 804.691 ; gain = 1.086
---------------------------------------------------------------------------------
Finished Constraint Validation : Time (s): cpu = 00:00:11 ; elapsed = 00:00:12 . Memory (MB): peak = 804.691 ; gain = 270.684
---------------------------------------------------------------------------------
---------------------------------------------------------------------------------
Start Loading Part and Timing Information
---------------------------------------------------------------------------------
Loading part: xc7z020clg400-1
---------------------------------------------------------------------------------
Finished Loading Part and Timing Information : Time (s): cpu = 00:00:11 ; elapsed = 00:00:12 . Memory (MB): peak = 804.691 ; gain = 270.684
---------------------------------------------------------------------------------
---------------------------------------------------------------------------------
Start Applying 'set_property' XDC Constraints
---------------------------------------------------------------------------------
---------------------------------------------------------------------------------
Finished applying 'set_property' XDC Constraints : Time (s): cpu = 00:00:11 ; elapsed = 00:00:12 . Memory (MB): peak = 804.691 ; gain = 270.684
---------------------------------------------------------------------------------
---------------------------------------------------------------------------------
Finished RTL Optimization Phase 2 : Time (s): cpu = 00:00:12 ; elapsed = 00:00:12 . Memory (MB): peak = 804.691 ; gain = 270.684
---------------------------------------------------------------------------------

Report RTL Partitions: 
+-+--------------+------------+----------+
| |RTL Partition |Replication |Instances |
+-+--------------+------------+----------+
+-+--------------+------------+----------+
---------------------------------------------------------------------------------
Start RTL Component Statistics 
---------------------------------------------------------------------------------
Detailed RTL Component Info : 
---------------------------------------------------------------------------------
Finished RTL Component Statistics 
---------------------------------------------------------------------------------
---------------------------------------------------------------------------------
Start RTL Hierarchical Component Statistics 
---------------------------------------------------------------------------------
Hierarchical RTL Component report 
---------------------------------------------------------------------------------
Finished RTL Hierarchical Component Statistics
---------------------------------------------------------------------------------
---------------------------------------------------------------------------------
Start Part Resource Summary
---------------------------------------------------------------------------------
Part Resources:
DSPs: 220 (col length:60)
BRAMs: 280 (col length: RAMB18 60 RAMB36 30)
---------------------------------------------------------------------------------
Finished Part Resource Summary
---------------------------------------------------------------------------------
---------------------------------------------------------------------------------
Start Cross Boundary and Area Optimization
---------------------------------------------------------------------------------
Warning: Parallel synthesis criteria is not met 
WARNING: [Synth 8-3330] design xadc_pl2ps_PS_info_3_bits_0_0 has an empty top module
WARNING: [Synth 8-3331] design xadc_pl2ps_PS_info_3_bits_0_0 has unconnected port data[31]
WARNING: [Synth 8-3331] design xadc_pl2ps_PS_info_3_bits_0_0 has unconnected port data[30]
WARNING: [Synth 8-3331] design xadc_pl2ps_PS_info_3_bits_0_0 has unconnected port data[29]
WARNING: [Synth 8-3331] design xadc_pl2ps_PS_info_3_bits_0_0 has unconnected port data[28]
WARNING: [Synth 8-3331] design xadc_pl2ps_PS_info_3_bits_0_0 has unconnected port data[27]
WARNING: [Synth 8-3331] design xadc_pl2ps_PS_info_3_bits_0_0 has unconnected port data[26]
WARNING: [Synth 8-3331] design xadc_pl2ps_PS_info_3_bits_0_0 has unconnected port data[25]
WARNING: [Synth 8-3331] design xadc_pl2ps_PS_info_3_bits_0_0 has unconnected port data[24]
WARNING: [Synth 8-3331] design xadc_pl2ps_PS_info_3_bits_0_0 has unconnected port data[23]
WARNING: [Synth 8-3331] design xadc_pl2ps_PS_info_3_bits_0_0 has unconnected port data[22]
WARNING: [Synth 8-3331] design xadc_pl2ps_PS_info_3_bits_0_0 has unconnected port data[21]
WARNING: [Synth 8-3331] design xadc_pl2ps_PS_info_3_bits_0_0 has unconnected port data[20]
WARNING: [Synth 8-3331] design xadc_pl2ps_PS_info_3_bits_0_0 has unconnected port data[19]
WARNING: [Synth 8-3331] design xadc_pl2ps_PS_info_3_bits_0_0 has unconnected port data[18]
WARNING: [Synth 8-3331] design xadc_pl2ps_PS_info_3_bits_0_0 has unconnected port data[17]
WARNING: [Synth 8-3331] design xadc_pl2ps_PS_info_3_bits_0_0 has unconnected port data[16]
WARNING: [Synth 8-3331] design xadc_pl2ps_PS_info_3_bits_0_0 has unconnected port data[15]
WARNING: [Synth 8-3331] design xadc_pl2ps_PS_info_3_bits_0_0 has unconnected port data[14]
WARNING: [Synth 8-3331] design xadc_pl2ps_PS_info_3_bits_0_0 has unconnected port data[13]
WARNING: [Synth 8-3331] design xadc_pl2ps_PS_info_3_bits_0_0 has unconnected port data[12]
WARNING: [Synth 8-3331] design xadc_pl2ps_PS_info_3_bits_0_0 has unconnected port data[11]
WARNING: [Synth 8-3331] design xadc_pl2ps_PS_info_3_bits_0_0 has unconnected port data[10]
WARNING: [Synth 8-3331] design xadc_pl2ps_PS_info_3_bits_0_0 has unconnected port data[9]
WARNING: [Synth 8-3331] design xadc_pl2ps_PS_info_3_bits_0_0 has unconnected port data[8]
WARNING: [Synth 8-3331] design xadc_pl2ps_PS_info_3_bits_0_0 has unconnected port data[7]
WARNING: [Synth 8-3331] design xadc_pl2ps_PS_info_3_bits_0_0 has unconnected port data[6]
WARNING: [Synth 8-3331] design xadc_pl2ps_PS_info_3_bits_0_0 has unconnected port data[5]
WARNING: [Synth 8-3331] design xadc_pl2ps_PS_info_3_bits_0_0 has unconnected port data[4]
WARNING: [Synth 8-3331] design xadc_pl2ps_PS_info_3_bits_0_0 has unconnected port data[3]
---------------------------------------------------------------------------------
Finished Cross Boundary and Area Optimization : Time (s): cpu = 00:00:13 ; elapsed = 00:00:13 . Memory (MB): peak = 804.691 ; gain = 270.684
---------------------------------------------------------------------------------

Report RTL Partitions: 
+-+--------------+------------+----------+
| |RTL Partition |Replication |Instances |
+-+--------------+------------+----------+
+-+--------------+------------+----------+
---------------------------------------------------------------------------------
Start Applying XDC Timing Constraints
---------------------------------------------------------------------------------
---------------------------------------------------------------------------------
Finished Applying XDC Timing Constraints : Time (s): cpu = 00:00:23 ; elapsed = 00:00:24 . Memory (MB): peak = 850.242 ; gain = 316.234
---------------------------------------------------------------------------------
---------------------------------------------------------------------------------
Start Timing Optimization
---------------------------------------------------------------------------------
---------------------------------------------------------------------------------
Finished Timing Optimization : Time (s): cpu = 00:00:23 ; elapsed = 00:00:24 . Memory (MB): peak = 850.242 ; gain = 316.234
---------------------------------------------------------------------------------

Report RTL Partitions: 
+-+--------------+------------+----------+
| |RTL Partition |Replication |Instances |
+-+--------------+------------+----------+
+-+--------------+------------+----------+
---------------------------------------------------------------------------------
Start Technology Mapping
---------------------------------------------------------------------------------
---------------------------------------------------------------------------------
Finished Technology Mapping : Time (s): cpu = 00:00:23 ; elapsed = 00:00:24 . Memory (MB): peak = 859.770 ; gain = 325.762
---------------------------------------------------------------------------------

Report RTL Partitions: 
+-+--------------+------------+----------+
| |RTL Partition |Replication |Instances |
+-+--------------+------------+----------+
+-+--------------+------------+----------+
---------------------------------------------------------------------------------
Start IO Insertion
---------------------------------------------------------------------------------
---------------------------------------------------------------------------------
Start Flattening Before IO Insertion
---------------------------------------------------------------------------------
---------------------------------------------------------------------------------
Finished Flattening Before IO Insertion
---------------------------------------------------------------------------------
---------------------------------------------------------------------------------
Start Final Netlist Cleanup
---------------------------------------------------------------------------------
---------------------------------------------------------------------------------
Finished Final Netlist Cleanup
---------------------------------------------------------------------------------
---------------------------------------------------------------------------------
Finished IO Insertion : Time (s): cpu = 00:00:26 ; elapsed = 00:00:26 . Memory (MB): peak = 875.621 ; gain = 341.613
---------------------------------------------------------------------------------

Report Check Netlist: 
+------+------------------+-------+---------+-------+------------------+
|      |Item              |Errors |Warnings |Status |Description       |
+------+------------------+-------+---------+-------+------------------+
|1     |multi_driven_nets |      0|        0|Passed |Multi driven nets |
+------+------------------+-------+---------+-------+------------------+
---------------------------------------------------------------------------------
Start Renaming Generated Instances
---------------------------------------------------------------------------------
---------------------------------------------------------------------------------
Finished Renaming Generated Instances : Time (s): cpu = 00:00:26 ; elapsed = 00:00:26 . Memory (MB): peak = 875.621 ; gain = 341.613
---------------------------------------------------------------------------------

Report RTL Partitions: 
+-+--------------+------------+----------+
| |RTL Partition |Replication |Instances |
+-+--------------+------------+----------+
+-+--------------+------------+----------+
---------------------------------------------------------------------------------
Start Rebuilding User Hierarchy
---------------------------------------------------------------------------------
---------------------------------------------------------------------------------
Finished Rebuilding User Hierarchy : Time (s): cpu = 00:00:26 ; elapsed = 00:00:26 . Memory (MB): peak = 875.621 ; gain = 341.613
---------------------------------------------------------------------------------
---------------------------------------------------------------------------------
Start Renaming Generated Ports
---------------------------------------------------------------------------------
---------------------------------------------------------------------------------
Finished Renaming Generated Ports : Time (s): cpu = 00:00:26 ; elapsed = 00:00:26 . Memory (MB): peak = 875.621 ; gain = 341.613
---------------------------------------------------------------------------------
---------------------------------------------------------------------------------
Start Handling Custom Attributes
---------------------------------------------------------------------------------
---------------------------------------------------------------------------------
Finished Handling Custom Attributes : Time (s): cpu = 00:00:26 ; elapsed = 00:00:26 . Memory (MB): peak = 875.621 ; gain = 341.613
---------------------------------------------------------------------------------
---------------------------------------------------------------------------------
Start Renaming Generated Nets
---------------------------------------------------------------------------------
---------------------------------------------------------------------------------
Finished Renaming Generated Nets : Time (s): cpu = 00:00:26 ; elapsed = 00:00:26 . Memory (MB): peak = 875.621 ; gain = 341.613
---------------------------------------------------------------------------------
---------------------------------------------------------------------------------
Start Writing Synthesis Report
---------------------------------------------------------------------------------

Report BlackBoxes: 
+-+--------------+----------+
| |BlackBox name |Instances |
+-+--------------+----------+
+-+--------------+----------+

Report Cell Usage: 
+-+-----+------+
| |Cell |Count |
+-+-----+------+
+-+-----+------+

Report Instance Areas: 
+------+---------+-------+------+
|      |Instance |Module |Cells |
+------+---------+-------+------+
|1     |top      |       |     0|
+------+---------+-------+------+
---------------------------------------------------------------------------------
Finished Writing Synthesis Report : Time (s): cpu = 00:00:26 ; elapsed = 00:00:26 . Memory (MB): peak = 875.621 ; gain = 341.613
---------------------------------------------------------------------------------
Synthesis finished with 0 errors, 0 critical warnings and 30 warnings.
Synthesis Optimization Runtime : Time (s): cpu = 00:00:18 ; elapsed = 00:00:24 . Memory (MB): peak = 875.621 ; gain = 315.020
Synthesis Optimization Complete : Time (s): cpu = 00:00:26 ; elapsed = 00:00:26 . Memory (MB): peak = 875.621 ; gain = 341.613
INFO: [Project 1-571] Translating synthesized netlist
INFO: [Project 1-570] Preparing netlist for logic optimization
INFO: [Opt 31-138] Pushed 0 inverter(s) to 0 load pin(s).
Netlist sorting complete. Time (s): cpu = 00:00:00 ; elapsed = 00:00:00 . Memory (MB): peak = 890.418 ; gain = 0.000
INFO: [Project 1-111] Unisim Transformation Summary:
No Unisim elements were transformed.

INFO: [Common 17-83] Releasing license: Synthesis
14 Infos, 61 Warnings, 0 Critical Warnings and 0 Errors encountered.
synth_design completed successfully
synth_design: Time (s): cpu = 00:00:31 ; elapsed = 00:00:33 . Memory (MB): peak = 890.418 ; gain = 601.602
Netlist sorting complete. Time (s): cpu = 00:00:00 ; elapsed = 00:00:00 . Memory (MB): peak = 890.418 ; gain = 0.000
WARNING: [Constraints 18-5210] No constraints selected for write.
Resolution: This message can indicate that there are no constraints for the design, or it can indicate that the used_in flags are set such that the constraints are ignored. This later case is used when running synth_design to not write synthesis constraints to the resulting checkpoint. Instead, project constraints are read when the synthesized design is opened.
INFO: [Common 17-1381] The checkpoint 'C:/Users/mikke/OneDrive/Skrivebord/Final_project/xadc_with_bram_with_one_addr/adc.runs/xadc_pl2ps_PS_info_3_bits_0_0_synth_1/xadc_pl2ps_PS_info_3_bits_0_0.dcp' has been generated.
WARNING: [Common 17-576] 'use_project_ipc' is deprecated. This option is deprecated and no longer used.
Netlist sorting complete. Time (s): cpu = 00:00:00 ; elapsed = 00:00:00 . Memory (MB): peak = 890.418 ; gain = 0.000
WARNING: [Constraints 18-5210] No constraints selected for write.
Resolution: This message can indicate that there are no constraints for the design, or it can indicate that the used_in flags are set such that the constraints are ignored. This later case is used when running synth_design to not write synthesis constraints to the resulting checkpoint. Instead, project constraints are read when the synthesized design is opened.
INFO: [Common 17-1381] The checkpoint 'C:/Users/mikke/OneDrive/Skrivebord/Final_project/xadc_with_bram_with_one_addr/adc.runs/xadc_pl2ps_PS_info_3_bits_0_0_synth_1/xadc_pl2ps_PS_info_3_bits_0_0.dcp' has been generated.
INFO: [runtcl-4] Executing : report_utilization -file xadc_pl2ps_PS_info_3_bits_0_0_utilization_synth.rpt -pb xadc_pl2ps_PS_info_3_bits_0_0_utilization_synth.pb
INFO: [Common 17-206] Exiting Vivado at Fri Dec 13 15:21:51 2019...
