09:24:33 INFO  : Registering command handlers for SDK TCF services
09:24:34 INFO  : Launching XSCT server: xsct.bat -interactive C:\Users\mikke\OneDrive\Skrivebord\xadc_with_bram\temp_xsdb_launch_script.tcl
09:24:37 INFO  : XSCT server has started successfully.
09:24:38 INFO  : Successfully done setting XSCT server connection channel  
09:24:38 INFO  : Processing command line option -hwspec C:/Users/mikke/OneDrive/Skrivebord/xadc_with_bram.
09:24:38 INFO  : Successfully done setting SDK workspace  
09:24:38 ERROR : Error occurred while creating hardware platform xadc_with_bram_hw_platform_0 from sysdef
java.io.FileNotFoundException: C:\Users\mikke\OneDrive\Skrivebord\xadc_with_bram (Access is denied)
	at java.io.FileInputStream.open0(Native Method)
	at java.io.FileInputStream.open(FileInputStream.java:195)
	at java.io.FileInputStream.<init>(FileInputStream.java:138)
	at java.io.FileInputStream.<init>(FileInputStream.java:93)
	at com.xilinx.sdk.hw.internal.HwProjectCreator.createHwProjectFromZip(HwProjectCreator.java:101)
	at com.xilinx.sdk.hw.HwProjectUtil.internalCreate(HwProjectUtil.java:278)
	at com.xilinx.sdk.hw.HwProjectUtil.makeNewHardwareProject(HwProjectUtil.java:222)
	at com.xilinx.sdk.hw.HwProjectUtil.makeNewHardwareProject(HwProjectUtil.java:209)
	at com.xilinx.sdk.hw.HwProjectUtil.makeNewHardwareProject(HwProjectUtil.java:183)
	at com.xilinx.sdk.startup.InitSDK.processHwSpecArgumentTask(InitSDK.java:517)
	at com.xilinx.sdk.startup.InitSDK.access$8(InitSDK.java:499)
	at com.xilinx.sdk.startup.InitSDK$12.run(InitSDK.java:449)
	at org.eclipse.core.internal.jobs.Worker.run(Worker.java:55)
09:24:38 ERROR : Unable to create Hardware Specification Project with specification file: C:/Users/mikke/OneDrive/Skrivebord/xadc_with_bram
09:26:53 INFO  : Registering command handlers for SDK TCF services
09:26:54 INFO  : Launching XSCT server: xsct.bat -interactive C:\Users\mikke\OneDrive\Skrivebord\xadc_with_bram\temp_xsdb_launch_script.tcl
09:26:56 INFO  : XSCT server has started successfully.
09:26:56 INFO  : Successfully done setting XSCT server connection channel  
09:26:56 INFO  : Processing command line option -hwspec C:/Users/mikke/OneDrive/Skrivebord/xadc_with_bram.
09:26:56 INFO  : Successfully done setting SDK workspace  
09:27:00 ERROR : Error occurred while creating hardware platform xadc_with_bram_hw_platform_1 from sysdef
java.io.FileNotFoundException: C:\Users\mikke\OneDrive\Skrivebord\xadc_with_bram (Access is denied)
	at java.io.FileInputStream.open0(Native Method)
	at java.io.FileInputStream.open(FileInputStream.java:195)
	at java.io.FileInputStream.<init>(FileInputStream.java:138)
	at java.io.FileInputStream.<init>(FileInputStream.java:93)
	at com.xilinx.sdk.hw.internal.HwProjectCreator.createHwProjectFromZip(HwProjectCreator.java:101)
	at com.xilinx.sdk.hw.HwProjectUtil.internalCreate(HwProjectUtil.java:278)
	at com.xilinx.sdk.hw.HwProjectUtil.makeNewHardwareProject(HwProjectUtil.java:222)
	at com.xilinx.sdk.hw.HwProjectUtil.makeNewHardwareProject(HwProjectUtil.java:209)
	at com.xilinx.sdk.hw.HwProjectUtil.makeNewHardwareProject(HwProjectUtil.java:183)
	at com.xilinx.sdk.startup.InitSDK.processHwSpecArgumentTask(InitSDK.java:517)
	at com.xilinx.sdk.startup.InitSDK.access$8(InitSDK.java:499)
	at com.xilinx.sdk.startup.InitSDK$12.run(InitSDK.java:449)
	at org.eclipse.core.internal.jobs.Worker.run(Worker.java:55)
09:27:00 ERROR : Unable to create Hardware Specification Project with specification file: C:/Users/mikke/OneDrive/Skrivebord/xadc_with_bram
